::1 - - [24/Mar/2022:02:26:15 +0000] "POST /signup HTTP/1.1" 201 40 "-" "PostmanRuntime/7.29.0"
::1 - - [24/Mar/2022:02:26:56 +0000] "POST /login HTTP/1.1" 200 257 "-" "PostmanRuntime/7.29.0"
::1 - - [24/Mar/2022:02:36:53 +0000] "PUT /add-product HTTP/1.1" 500 62649 "-" "PostmanRuntime/7.29.0"
::1 - - [24/Mar/2022:02:37:35 +0000] "PUT /add-product HTTP/1.1" 500 1359 "-" "PostmanRuntime/7.29.0"
::1 - - [24/Mar/2022:02:37:45 +0000] "PUT /add-product HTTP/1.1" 500 1359 "-" "PostmanRuntime/7.29.0"
::1 - - [24/Mar/2022:02:38:54 +0000] "PUT /add-product HTTP/1.1" 201 40 "-" "PostmanRuntime/7.29.0"
::1 - - [24/Mar/2022:02:39:02 +0000] "GET /products HTTP/1.1" 200 2106 "-" "PostmanRuntime/7.29.0"
::1 - - [24/Mar/2022:02:39:40 +0000] "POST /delete-product HTTP/1.1" 404 154 "-" "PostmanRuntime/7.29.0"
::1 - - [24/Mar/2022:02:40:20 +0000] "POST /delete-product HTTP/1.1" 201 42 "-" "PostmanRuntime/7.29.0"
::1 - - [24/Mar/2022:02:49:34 +0000] "POST /cart HTTP/1.1" 200 166 "-" "PostmanRuntime/7.29.0"
::1 - - [24/Mar/2022:02:51:16 +0000] "GET /cart HTTP/1.1" 200 312 "-" "PostmanRuntime/7.29.0"
::1 - - [24/Mar/2022:02:51:25 +0000] "POST /cart HTTP/1.1" 200 166 "-" "PostmanRuntime/7.29.0"
::1 - - [24/Mar/2022:02:51:32 +0000] "GET /cart HTTP/1.1" 200 312 "-" "PostmanRuntime/7.29.0"
::1 - - [24/Mar/2022:02:53:56 +0000] "DELETE /cart? HTTP/1.1" 200 60 "-" "PostmanRuntime/7.29.0"
::1 - - [24/Mar/2022:02:54:14 +0000] "GET /cart HTTP/1.1" 200 70 "-" "PostmanRuntime/7.29.0"
::1 - - [24/Mar/2022:03:00:21 +0000] "DELETE /cart HTTP/1.1" 200 60 "-" "PostmanRuntime/7.29.0"
::1 - - [24/Mar/2022:03:00:38 +0000] "GET /cart HTTP/1.1" 200 70 "-" "PostmanRuntime/7.29.0"
::1 - - [24/Mar/2022:03:00:53 +0000] "POST /cart HTTP/1.1" 200 166 "-" "PostmanRuntime/7.29.0"
::1 - - [24/Mar/2022:03:00:54 +0000] "POST /cart HTTP/1.1" 200 166 "-" "PostmanRuntime/7.29.0"
::1 - - [24/Mar/2022:03:00:56 +0000] "POST /cart HTTP/1.1" 200 166 "-" "PostmanRuntime/7.29.0"
::1 - - [24/Mar/2022:03:01:03 +0000] "DELETE /cart HTTP/1.1" 200 60 "-" "PostmanRuntime/7.29.0"
::1 - - [24/Mar/2022:03:01:07 +0000] "GET /cart HTTP/1.1" 200 70 "-" "PostmanRuntime/7.29.0"
::1 - - [24/Mar/2022:03:03:06 +0000] "GET /home HTTP/1.1" 200 578 "-" "PostmanRuntime/7.29.0"
